2026-01-25 09:41:16 - dubsmart.modules.transcription - INFO - Initializing Whisper model: base on cpu
2026-01-25 09:41:18 - dubsmart.modules.translation - INFO - Translator initialized with method: m2m100
2026-01-25 09:41:18 - dubsmart.modules.cloning - INFO - Loading Coqui XTTS-v2 model...
2026-01-25 10:00:17 - dubsmart.modules.transcription - INFO - Initializing Whisper model: base on cpu
2026-01-25 10:00:19 - dubsmart.modules.translation - INFO - Translator initialized with method: m2m100
2026-01-25 10:00:19 - dubsmart.core.pipeline - INFO - Starting pipeline for test_audio/English.wav
2026-01-25 10:00:19 - dubsmart.modules.transcription - INFO - Transcribing audio: test_audio/English.wav
2026-01-25 10:02:07 - dubsmart.modules.transcription - INFO - Detected language: en
2026-01-25 10:02:07 - dubsmart.modules.diarization - INFO - Diarizing audio: test_audio/English.wav
2026-01-25 10:02:07 - dubsmart.modules.translation - INFO - Translating 14 segments from en to hi
2026-01-25 13:38:45 - dubsmart.main - ERROR - Pipeline failed: name 'torch' is not defined
2026-01-25 13:39:51 - dubsmart.modules.transcription - INFO - Initializing Whisper model: base on cpu
2026-01-25 13:41:20 - dubsmart.modules.translation - INFO - Translator initialized with method: m2m100
2026-01-25 13:41:20 - dubsmart.core.pipeline - INFO - Starting pipeline for test_audio/English.wav
2026-01-25 13:41:20 - dubsmart.modules.transcription - INFO - Transcribing audio: test_audio/English.wav
2026-01-25 13:41:33 - dubsmart.modules.transcription - INFO - Detected language: en
2026-01-25 13:41:33 - dubsmart.modules.diarization - INFO - Diarizing audio: test_audio/English.wav
2026-01-25 13:41:33 - dubsmart.modules.translation - INFO - Translating 14 segments from en to hi
2026-01-25 13:42:53 - dubsmart.modules.translation - INFO - Translated 10/14 segments
2026-01-25 13:46:57 - dubsmart.modules.cloning - INFO - Loading Coqui XTTS-v2 model (Lazy Load)...
2026-01-25 13:47:11 - dubsmart.modules.cloning - ERROR - Failed to load Coqui model: cannot import name 'BeamSearchScorer' from 'transformers' (c:\Users\svrao\Downloads\Dubsmart  - ai\.venv\Lib\site-packages\transformers\__init__.py)
2026-01-25 13:47:11 - dubsmart.modules.cloning - INFO - Loading Coqui XTTS-v2 model (Lazy Load)...
2026-01-25 13:47:12 - dubsmart.modules.cloning - ERROR - Failed to load Coqui model: cannot import name 'BeamSearchScorer' from 'transformers' (c:\Users\svrao\Downloads\Dubsmart  - ai\.venv\Lib\site-packages\transformers\__init__.py)
2026-01-25 13:47:12 - dubsmart.modules.cloning - INFO - Loading Coqui XTTS-v2 model (Lazy Load)...
2026-01-25 13:47:13 - dubsmart.modules.cloning - ERROR - Failed to load Coqui model: cannot import name 'BeamSearchScorer' from 'transformers' (c:\Users\svrao\Downloads\Dubsmart  - ai\.venv\Lib\site-packages\transformers\__init__.py)
2026-01-25 13:47:13 - dubsmart.modules.cloning - INFO - Loading Coqui XTTS-v2 model (Lazy Load)...
2026-01-25 13:47:14 - dubsmart.modules.cloning - ERROR - Failed to load Coqui model: cannot import name 'BeamSearchScorer' from 'transformers' (c:\Users\svrao\Downloads\Dubsmart  - ai\.venv\Lib\site-packages\transformers\__init__.py)
2026-01-25 13:47:14 - dubsmart.modules.cloning - INFO - Loading Coqui XTTS-v2 model (Lazy Load)...
2026-01-25 13:47:14 - dubsmart.modules.cloning - ERROR - Failed to load Coqui model: cannot import name 'BeamSearchScorer' from 'transformers' (c:\Users\svrao\Downloads\Dubsmart  - ai\.venv\Lib\site-packages\transformers\__init__.py)
2026-01-25 13:47:14 - dubsmart.modules.cloning - INFO - Loading Coqui XTTS-v2 model (Lazy Load)...
2026-01-25 13:47:15 - dubsmart.modules.cloning - ERROR - Failed to load Coqui model: cannot import name 'BeamSearchScorer' from 'transformers' (c:\Users\svrao\Downloads\Dubsmart  - ai\.venv\Lib\site-packages\transformers\__init__.py)
2026-01-25 13:47:15 - dubsmart.modules.cloning - INFO - Loading Coqui XTTS-v2 model (Lazy Load)...
2026-01-25 13:47:16 - dubsmart.modules.cloning - ERROR - Failed to load Coqui model: cannot import name 'BeamSearchScorer' from 'transformers' (c:\Users\svrao\Downloads\Dubsmart  - ai\.venv\Lib\site-packages\transformers\__init__.py)
2026-01-25 13:47:16 - dubsmart.modules.cloning - INFO - Loading Coqui XTTS-v2 model (Lazy Load)...
2026-01-25 13:47:17 - dubsmart.modules.cloning - ERROR - Failed to load Coqui model: cannot import name 'BeamSearchScorer' from 'transformers' (c:\Users\svrao\Downloads\Dubsmart  - ai\.venv\Lib\site-packages\transformers\__init__.py)
2026-01-25 13:47:17 - dubsmart.modules.cloning - INFO - Loading Coqui XTTS-v2 model (Lazy Load)...
2026-01-25 13:47:17 - dubsmart.modules.cloning - ERROR - Failed to load Coqui model: cannot import name 'BeamSearchScorer' from 'transformers' (c:\Users\svrao\Downloads\Dubsmart  - ai\.venv\Lib\site-packages\transformers\__init__.py)
2026-01-25 13:47:17 - dubsmart.modules.cloning - INFO - Loading Coqui XTTS-v2 model (Lazy Load)...
2026-01-25 13:47:18 - dubsmart.modules.cloning - ERROR - Failed to load Coqui model: cannot import name 'BeamSearchScorer' from 'transformers' (c:\Users\svrao\Downloads\Dubsmart  - ai\.venv\Lib\site-packages\transformers\__init__.py)
2026-01-25 13:47:18 - dubsmart.modules.cloning - INFO - Loading Coqui XTTS-v2 model (Lazy Load)...
2026-01-25 13:47:19 - dubsmart.modules.cloning - ERROR - Failed to load Coqui model: cannot import name 'BeamSearchScorer' from 'transformers' (c:\Users\svrao\Downloads\Dubsmart  - ai\.venv\Lib\site-packages\transformers\__init__.py)
2026-01-25 13:47:19 - dubsmart.modules.cloning - INFO - Loading Coqui XTTS-v2 model (Lazy Load)...
2026-01-25 13:47:20 - dubsmart.modules.cloning - ERROR - Failed to load Coqui model: cannot import name 'BeamSearchScorer' from 'transformers' (c:\Users\svrao\Downloads\Dubsmart  - ai\.venv\Lib\site-packages\transformers\__init__.py)
2026-01-25 13:47:20 - dubsmart.modules.cloning - INFO - Loading Coqui XTTS-v2 model (Lazy Load)...
2026-01-25 13:47:21 - dubsmart.modules.cloning - ERROR - Failed to load Coqui model: cannot import name 'BeamSearchScorer' from 'transformers' (c:\Users\svrao\Downloads\Dubsmart  - ai\.venv\Lib\site-packages\transformers\__init__.py)
2026-01-25 13:47:21 - dubsmart.modules.cloning - INFO - Loading Coqui XTTS-v2 model (Lazy Load)...
2026-01-25 13:47:21 - dubsmart.modules.cloning - ERROR - Failed to load Coqui model: cannot import name 'BeamSearchScorer' from 'transformers' (c:\Users\svrao\Downloads\Dubsmart  - ai\.venv\Lib\site-packages\transformers\__init__.py)
2026-01-25 13:47:21 - dubsmart.processor.mixer - INFO - Mixed audio saved to: output/dubbed_hi.wav
2026-01-25 13:47:21 - dubsmart.main - INFO - Dubbing successful! Result: output/dubbed_hi.wav
2026-01-25 13:51:13 - dubsmart.modules.transcription - INFO - Initializing Whisper model: base on cpu
2026-01-25 13:51:57 - dubsmart.modules.transcription - INFO - Initializing Whisper model: base on cpu
2026-01-25 13:53:28 - dubsmart.modules.translation - INFO - Translator initialized with method: m2m100
2026-01-25 13:53:28 - dubsmart.core.pipeline - INFO - Starting pipeline for test_audio/English.wav
2026-01-25 13:53:28 - dubsmart.modules.transcription - INFO - Transcribing audio: test_audio/English.wav
2026-01-25 13:53:43 - dubsmart.modules.transcription - INFO - Detected language: en
2026-01-25 13:53:43 - dubsmart.modules.diarization - INFO - Diarizing audio: test_audio/English.wav
2026-01-25 13:53:43 - dubsmart.modules.translation - INFO - Translating 14 segments from en to hi
2026-01-25 14:03:09 - dubsmart.modules.transcription - INFO - Initializing Whisper model: base on cpu
2026-01-25 14:04:19 - dubsmart.modules.transcription - INFO - Initializing Whisper model: base on cpu
2026-01-25 14:06:04 - dubsmart.modules.translation - INFO - Translator initialized with method: m2m100
2026-01-25 14:06:04 - dubsmart.core.pipeline - INFO - Starting pipeline for test_audio/English.wav
2026-01-25 14:06:04 - dubsmart.modules.transcription - INFO - Transcribing audio: test_audio/English.wav
2026-01-25 14:06:19 - dubsmart.modules.transcription - INFO - Detected language: en
2026-01-25 14:06:19 - dubsmart.modules.diarization - INFO - Diarizing audio: test_audio/English.wav
2026-01-25 14:06:19 - dubsmart.modules.translation - INFO - Translating 14 segments from en to hi
2026-01-25 14:16:26 - dubsmart.modules.transcription - INFO - Initializing Whisper model: base on cpu
2026-01-25 14:19:24 - dubsmart.modules.translation - INFO - Translator initialized with method: m2m100
2026-01-25 14:19:25 - dubsmart.core.pipeline - INFO - Starting pipeline for test_audio/English.wav
2026-01-25 14:19:25 - dubsmart.modules.transcription - INFO - Transcribing audio: test_audio/English.wav
2026-01-25 14:21:21 - dubsmart.modules.transcription - INFO - Detected language: en
2026-01-25 14:21:21 - dubsmart.modules.diarization - INFO - Diarizing audio: test_audio/English.wav
2026-01-25 14:21:21 - dubsmart.modules.translation - INFO - Translating 14 segments from en to hi
2026-01-25 14:31:11 - dubsmart.modules.translation - INFO - Translated 10/14 segments
2026-01-25 14:38:41 - dubsmart.modules.cloning - INFO - Loading Coqui XTTS-v2 model (Lazy Load)...
2026-01-25 14:38:48 - dubsmart.modules.cloning - ERROR - Failed to load Coqui model: cannot import name 'BeamSearchScorer' from 'transformers' (c:\Users\svrao\Downloads\Dubsmart  - ai\.venv\Lib\site-packages\transformers\__init__.py)
2026-01-25 14:38:48 - dubsmart.modules.cloning - INFO - Loading Coqui XTTS-v2 model (Lazy Load)...
2026-01-25 14:38:49 - dubsmart.modules.cloning - ERROR - Failed to load Coqui model: cannot import name 'BeamSearchScorer' from 'transformers' (c:\Users\svrao\Downloads\Dubsmart  - ai\.venv\Lib\site-packages\transformers\__init__.py)
2026-01-25 14:38:49 - dubsmart.modules.cloning - INFO - Loading Coqui XTTS-v2 model (Lazy Load)...
2026-01-25 14:38:49 - dubsmart.modules.cloning - ERROR - Failed to load Coqui model: cannot import name 'BeamSearchScorer' from 'transformers' (c:\Users\svrao\Downloads\Dubsmart  - ai\.venv\Lib\site-packages\transformers\__init__.py)
2026-01-25 14:38:49 - dubsmart.modules.cloning - INFO - Loading Coqui XTTS-v2 model (Lazy Load)...
2026-01-25 14:38:50 - dubsmart.modules.cloning - ERROR - Failed to load Coqui model: cannot import name 'BeamSearchScorer' from 'transformers' (c:\Users\svrao\Downloads\Dubsmart  - ai\.venv\Lib\site-packages\transformers\__init__.py)
2026-01-25 14:38:50 - dubsmart.modules.cloning - INFO - Loading Coqui XTTS-v2 model (Lazy Load)...
2026-01-25 14:38:51 - dubsmart.modules.cloning - ERROR - Failed to load Coqui model: cannot import name 'BeamSearchScorer' from 'transformers' (c:\Users\svrao\Downloads\Dubsmart  - ai\.venv\Lib\site-packages\transformers\__init__.py)
2026-01-25 14:38:51 - dubsmart.modules.cloning - INFO - Loading Coqui XTTS-v2 model (Lazy Load)...
2026-01-25 14:38:51 - dubsmart.modules.cloning - ERROR - Failed to load Coqui model: cannot import name 'BeamSearchScorer' from 'transformers' (c:\Users\svrao\Downloads\Dubsmart  - ai\.venv\Lib\site-packages\transformers\__init__.py)
2026-01-25 14:38:51 - dubsmart.modules.cloning - INFO - Loading Coqui XTTS-v2 model (Lazy Load)...
2026-01-25 14:38:52 - dubsmart.modules.cloning - ERROR - Failed to load Coqui model: cannot import name 'BeamSearchScorer' from 'transformers' (c:\Users\svrao\Downloads\Dubsmart  - ai\.venv\Lib\site-packages\transformers\__init__.py)
2026-01-25 14:38:52 - dubsmart.modules.cloning - INFO - Loading Coqui XTTS-v2 model (Lazy Load)...
2026-01-25 14:38:53 - dubsmart.modules.cloning - ERROR - Failed to load Coqui model: cannot import name 'BeamSearchScorer' from 'transformers' (c:\Users\svrao\Downloads\Dubsmart  - ai\.venv\Lib\site-packages\transformers\__init__.py)
2026-01-25 14:38:53 - dubsmart.modules.cloning - INFO - Loading Coqui XTTS-v2 model (Lazy Load)...
2026-01-25 14:38:53 - dubsmart.modules.cloning - ERROR - Failed to load Coqui model: cannot import name 'BeamSearchScorer' from 'transformers' (c:\Users\svrao\Downloads\Dubsmart  - ai\.venv\Lib\site-packages\transformers\__init__.py)
2026-01-25 14:38:53 - dubsmart.modules.cloning - INFO - Loading Coqui XTTS-v2 model (Lazy Load)...
2026-01-25 14:38:54 - dubsmart.modules.cloning - ERROR - Failed to load Coqui model: cannot import name 'BeamSearchScorer' from 'transformers' (c:\Users\svrao\Downloads\Dubsmart  - ai\.venv\Lib\site-packages\transformers\__init__.py)
2026-01-25 14:38:54 - dubsmart.modules.cloning - INFO - Loading Coqui XTTS-v2 model (Lazy Load)...
2026-01-25 14:38:55 - dubsmart.modules.cloning - ERROR - Failed to load Coqui model: cannot import name 'BeamSearchScorer' from 'transformers' (c:\Users\svrao\Downloads\Dubsmart  - ai\.venv\Lib\site-packages\transformers\__init__.py)
2026-01-25 14:38:55 - dubsmart.modules.cloning - INFO - Loading Coqui XTTS-v2 model (Lazy Load)...
2026-01-25 14:38:55 - dubsmart.modules.cloning - ERROR - Failed to load Coqui model: cannot import name 'BeamSearchScorer' from 'transformers' (c:\Users\svrao\Downloads\Dubsmart  - ai\.venv\Lib\site-packages\transformers\__init__.py)
2026-01-25 14:38:55 - dubsmart.modules.cloning - INFO - Loading Coqui XTTS-v2 model (Lazy Load)...
2026-01-25 14:38:56 - dubsmart.modules.cloning - ERROR - Failed to load Coqui model: cannot import name 'BeamSearchScorer' from 'transformers' (c:\Users\svrao\Downloads\Dubsmart  - ai\.venv\Lib\site-packages\transformers\__init__.py)
2026-01-25 14:38:56 - dubsmart.modules.cloning - INFO - Loading Coqui XTTS-v2 model (Lazy Load)...
2026-01-25 14:38:57 - dubsmart.modules.cloning - ERROR - Failed to load Coqui model: cannot import name 'BeamSearchScorer' from 'transformers' (c:\Users\svrao\Downloads\Dubsmart  - ai\.venv\Lib\site-packages\transformers\__init__.py)
2026-01-25 14:38:57 - dubsmart.processor.mixer - INFO - Mixed audio saved to: output/dubbed_hi.wav
2026-01-25 14:38:57 - dubsmart.main - INFO - Dubbing successful! Result: output/dubbed_hi.wav
2026-01-25 14:50:21 - dubsmart.modules.transcription - INFO - Initializing Whisper model: base on cpu
2026-01-25 14:50:33 - dubsmart.modules.translation - INFO - Translator initialized with method: m2m100
2026-01-25 14:50:33 - dubsmart.core.pipeline - INFO - Starting pipeline for test_audio/English.wav
2026-01-25 14:50:33 - dubsmart.modules.transcription - INFO - Transcribing audio: test_audio/English.wav
2026-01-25 14:50:48 - dubsmart.modules.transcription - INFO - Detected language: en
2026-01-25 14:50:48 - dubsmart.modules.diarization - INFO - Diarizing audio: test_audio/English.wav
2026-01-25 14:50:48 - dubsmart.modules.translation - INFO - Translating 14 segments from en to hi
2026-01-25 14:51:53 - dubsmart.modules.translation - INFO - Translated 10/14 segments
2026-01-25 14:52:27 - dubsmart.modules.cloning - INFO - Loading Coqui XTTS-v2 model (Lazy Load)...
2026-01-25 14:52:30 - dubsmart.modules.cloning - ERROR - Failed to load Coqui model: cannot import name 'BeamSearchScorer' from 'transformers' (c:\Users\svrao\Downloads\Dubsmart  - ai\.venv\Lib\site-packages\transformers\__init__.py)
2026-01-25 14:52:30 - dubsmart.modules.cloning - INFO - Loading Coqui XTTS-v2 model (Lazy Load)...
2026-01-25 14:52:30 - dubsmart.modules.cloning - ERROR - Failed to load Coqui model: cannot import name 'BeamSearchScorer' from 'transformers' (c:\Users\svrao\Downloads\Dubsmart  - ai\.venv\Lib\site-packages\transformers\__init__.py)
2026-01-25 14:52:30 - dubsmart.modules.cloning - INFO - Loading Coqui XTTS-v2 model (Lazy Load)...
2026-01-25 14:52:31 - dubsmart.modules.cloning - ERROR - Failed to load Coqui model: cannot import name 'BeamSearchScorer' from 'transformers' (c:\Users\svrao\Downloads\Dubsmart  - ai\.venv\Lib\site-packages\transformers\__init__.py)
2026-01-25 14:52:31 - dubsmart.modules.cloning - INFO - Loading Coqui XTTS-v2 model (Lazy Load)...
2026-01-25 14:52:32 - dubsmart.modules.cloning - ERROR - Failed to load Coqui model: cannot import name 'BeamSearchScorer' from 'transformers' (c:\Users\svrao\Downloads\Dubsmart  - ai\.venv\Lib\site-packages\transformers\__init__.py)
2026-01-25 14:52:32 - dubsmart.modules.cloning - INFO - Loading Coqui XTTS-v2 model (Lazy Load)...
2026-01-25 14:52:32 - dubsmart.modules.cloning - ERROR - Failed to load Coqui model: cannot import name 'BeamSearchScorer' from 'transformers' (c:\Users\svrao\Downloads\Dubsmart  - ai\.venv\Lib\site-packages\transformers\__init__.py)
2026-01-25 14:52:32 - dubsmart.modules.cloning - INFO - Loading Coqui XTTS-v2 model (Lazy Load)...
2026-01-25 14:52:33 - dubsmart.modules.cloning - ERROR - Failed to load Coqui model: cannot import name 'BeamSearchScorer' from 'transformers' (c:\Users\svrao\Downloads\Dubsmart  - ai\.venv\Lib\site-packages\transformers\__init__.py)
2026-01-25 14:52:33 - dubsmart.modules.cloning - INFO - Loading Coqui XTTS-v2 model (Lazy Load)...
2026-01-25 14:52:34 - dubsmart.modules.cloning - ERROR - Failed to load Coqui model: cannot import name 'BeamSearchScorer' from 'transformers' (c:\Users\svrao\Downloads\Dubsmart  - ai\.venv\Lib\site-packages\transformers\__init__.py)
2026-01-25 14:52:34 - dubsmart.modules.cloning - INFO - Loading Coqui XTTS-v2 model (Lazy Load)...
2026-01-25 14:52:35 - dubsmart.modules.cloning - ERROR - Failed to load Coqui model: cannot import name 'BeamSearchScorer' from 'transformers' (c:\Users\svrao\Downloads\Dubsmart  - ai\.venv\Lib\site-packages\transformers\__init__.py)
2026-01-25 14:52:35 - dubsmart.modules.cloning - INFO - Loading Coqui XTTS-v2 model (Lazy Load)...
2026-01-25 14:52:35 - dubsmart.modules.cloning - ERROR - Failed to load Coqui model: cannot import name 'BeamSearchScorer' from 'transformers' (c:\Users\svrao\Downloads\Dubsmart  - ai\.venv\Lib\site-packages\transformers\__init__.py)
2026-01-25 14:52:35 - dubsmart.modules.cloning - INFO - Loading Coqui XTTS-v2 model (Lazy Load)...
2026-01-25 14:52:36 - dubsmart.modules.cloning - ERROR - Failed to load Coqui model: cannot import name 'BeamSearchScorer' from 'transformers' (c:\Users\svrao\Downloads\Dubsmart  - ai\.venv\Lib\site-packages\transformers\__init__.py)
2026-01-25 14:52:36 - dubsmart.modules.cloning - INFO - Loading Coqui XTTS-v2 model (Lazy Load)...
2026-01-25 14:52:37 - dubsmart.modules.cloning - ERROR - Failed to load Coqui model: cannot import name 'BeamSearchScorer' from 'transformers' (c:\Users\svrao\Downloads\Dubsmart  - ai\.venv\Lib\site-packages\transformers\__init__.py)
2026-01-25 14:52:37 - dubsmart.modules.cloning - INFO - Loading Coqui XTTS-v2 model (Lazy Load)...
2026-01-25 14:52:37 - dubsmart.modules.cloning - ERROR - Failed to load Coqui model: cannot import name 'BeamSearchScorer' from 'transformers' (c:\Users\svrao\Downloads\Dubsmart  - ai\.venv\Lib\site-packages\transformers\__init__.py)
2026-01-25 14:52:37 - dubsmart.modules.cloning - INFO - Loading Coqui XTTS-v2 model (Lazy Load)...
2026-01-25 14:52:38 - dubsmart.modules.cloning - ERROR - Failed to load Coqui model: cannot import name 'BeamSearchScorer' from 'transformers' (c:\Users\svrao\Downloads\Dubsmart  - ai\.venv\Lib\site-packages\transformers\__init__.py)
2026-01-25 14:52:38 - dubsmart.modules.cloning - INFO - Loading Coqui XTTS-v2 model (Lazy Load)...
2026-01-25 14:52:39 - dubsmart.modules.cloning - ERROR - Failed to load Coqui model: cannot import name 'BeamSearchScorer' from 'transformers' (c:\Users\svrao\Downloads\Dubsmart  - ai\.venv\Lib\site-packages\transformers\__init__.py)
2026-01-25 14:52:39 - dubsmart.core.pipeline - ERROR - DUBBING FAILED: No segments were successfully synthesized. Check logs for model loading errors.
2026-01-25 14:52:39 - dubsmart.main - ERROR - Pipeline failed: Synthesis failed for all segments. Final output would be silent.
2026-01-25 14:56:55 - dubsmart.modules.transcription - INFO - Initializing Whisper model: base on cpu
2026-01-25 14:57:08 - dubsmart.modules.translation - INFO - Translator initialized with method: m2m100
2026-01-25 14:57:08 - dubsmart.core.pipeline - INFO - Starting pipeline for test_audio/English.wav
2026-01-25 14:57:08 - dubsmart.modules.transcription - INFO - Transcribing audio: test_audio/English.wav
2026-01-25 14:57:19 - dubsmart.modules.transcription - INFO - Detected language: en
2026-01-25 14:57:19 - dubsmart.modules.diarization - INFO - Diarizing audio: test_audio/English.wav
2026-01-25 14:57:19 - dubsmart.modules.translation - INFO - Translating 14 segments from en to hi
2026-01-25 14:58:22 - dubsmart.modules.translation - INFO - Translated 10/14 segments
2026-01-25 14:58:50 - dubsmart.modules.cloning - INFO - Loading Coqui XTTS-v2 model (Lazy Load)...
2026-01-25 14:58:51 - dubsmart.modules.cloning - ERROR - Failed to load Coqui model: cannot import name 'BeamSearchScorer' from 'transformers' (c:\Users\svrao\Downloads\Dubsmart  - ai\.venv\Lib\site-packages\transformers\__init__.py)
2026-01-25 14:58:51 - dubsmart.modules.cloning - INFO - Loading Coqui XTTS-v2 model (Lazy Load)...
2026-01-25 14:58:52 - dubsmart.modules.cloning - ERROR - Failed to load Coqui model: cannot import name 'BeamSearchScorer' from 'transformers' (c:\Users\svrao\Downloads\Dubsmart  - ai\.venv\Lib\site-packages\transformers\__init__.py)
2026-01-25 14:58:52 - dubsmart.modules.cloning - INFO - Loading Coqui XTTS-v2 model (Lazy Load)...
2026-01-25 14:58:53 - dubsmart.modules.cloning - ERROR - Failed to load Coqui model: cannot import name 'BeamSearchScorer' from 'transformers' (c:\Users\svrao\Downloads\Dubsmart  - ai\.venv\Lib\site-packages\transformers\__init__.py)
2026-01-25 14:58:53 - dubsmart.modules.cloning - INFO - Loading Coqui XTTS-v2 model (Lazy Load)...
2026-01-25 14:58:53 - dubsmart.modules.cloning - ERROR - Failed to load Coqui model: cannot import name 'BeamSearchScorer' from 'transformers' (c:\Users\svrao\Downloads\Dubsmart  - ai\.venv\Lib\site-packages\transformers\__init__.py)
2026-01-25 14:58:53 - dubsmart.modules.cloning - INFO - Loading Coqui XTTS-v2 model (Lazy Load)...
2026-01-25 14:58:54 - dubsmart.modules.cloning - ERROR - Failed to load Coqui model: cannot import name 'BeamSearchScorer' from 'transformers' (c:\Users\svrao\Downloads\Dubsmart  - ai\.venv\Lib\site-packages\transformers\__init__.py)
2026-01-25 14:58:54 - dubsmart.modules.cloning - INFO - Loading Coqui XTTS-v2 model (Lazy Load)...
2026-01-25 14:58:55 - dubsmart.modules.cloning - ERROR - Failed to load Coqui model: cannot import name 'BeamSearchScorer' from 'transformers' (c:\Users\svrao\Downloads\Dubsmart  - ai\.venv\Lib\site-packages\transformers\__init__.py)
2026-01-25 14:58:55 - dubsmart.modules.cloning - INFO - Loading Coqui XTTS-v2 model (Lazy Load)...
2026-01-25 14:58:56 - dubsmart.modules.cloning - ERROR - Failed to load Coqui model: cannot import name 'BeamSearchScorer' from 'transformers' (c:\Users\svrao\Downloads\Dubsmart  - ai\.venv\Lib\site-packages\transformers\__init__.py)
2026-01-25 14:58:56 - dubsmart.modules.cloning - INFO - Loading Coqui XTTS-v2 model (Lazy Load)...
2026-01-25 14:58:56 - dubsmart.modules.cloning - ERROR - Failed to load Coqui model: cannot import name 'BeamSearchScorer' from 'transformers' (c:\Users\svrao\Downloads\Dubsmart  - ai\.venv\Lib\site-packages\transformers\__init__.py)
2026-01-25 14:58:56 - dubsmart.modules.cloning - INFO - Loading Coqui XTTS-v2 model (Lazy Load)...
2026-01-25 14:58:57 - dubsmart.modules.cloning - ERROR - Failed to load Coqui model: cannot import name 'BeamSearchScorer' from 'transformers' (c:\Users\svrao\Downloads\Dubsmart  - ai\.venv\Lib\site-packages\transformers\__init__.py)
2026-01-25 14:58:57 - dubsmart.modules.cloning - INFO - Loading Coqui XTTS-v2 model (Lazy Load)...
2026-01-25 14:58:58 - dubsmart.modules.cloning - ERROR - Failed to load Coqui model: cannot import name 'BeamSearchScorer' from 'transformers' (c:\Users\svrao\Downloads\Dubsmart  - ai\.venv\Lib\site-packages\transformers\__init__.py)
2026-01-25 14:58:58 - dubsmart.modules.cloning - INFO - Loading Coqui XTTS-v2 model (Lazy Load)...
2026-01-25 14:58:59 - dubsmart.modules.cloning - ERROR - Failed to load Coqui model: cannot import name 'BeamSearchScorer' from 'transformers' (c:\Users\svrao\Downloads\Dubsmart  - ai\.venv\Lib\site-packages\transformers\__init__.py)
2026-01-25 14:58:59 - dubsmart.modules.cloning - INFO - Loading Coqui XTTS-v2 model (Lazy Load)...
2026-01-25 14:59:00 - dubsmart.modules.cloning - ERROR - Failed to load Coqui model: cannot import name 'BeamSearchScorer' from 'transformers' (c:\Users\svrao\Downloads\Dubsmart  - ai\.venv\Lib\site-packages\transformers\__init__.py)
2026-01-25 14:59:00 - dubsmart.modules.cloning - INFO - Loading Coqui XTTS-v2 model (Lazy Load)...
2026-01-25 14:59:01 - dubsmart.modules.cloning - ERROR - Failed to load Coqui model: cannot import name 'BeamSearchScorer' from 'transformers' (c:\Users\svrao\Downloads\Dubsmart  - ai\.venv\Lib\site-packages\transformers\__init__.py)
2026-01-25 14:59:01 - dubsmart.modules.cloning - INFO - Loading Coqui XTTS-v2 model (Lazy Load)...
2026-01-25 14:59:02 - dubsmart.modules.cloning - ERROR - Failed to load Coqui model: cannot import name 'BeamSearchScorer' from 'transformers' (c:\Users\svrao\Downloads\Dubsmart  - ai\.venv\Lib\site-packages\transformers\__init__.py)
2026-01-25 14:59:02 - dubsmart.core.pipeline - ERROR - DUBBING FAILED: No segments were successfully synthesized. Check logs for model loading errors.
2026-01-25 14:59:02 - dubsmart.main - ERROR - Pipeline failed: Synthesis failed for all segments. Final output would be silent.
2026-01-25 15:01:31 - dubsmart.modules.transcription - INFO - Initializing Whisper model: base on cpu
2026-01-25 15:01:43 - dubsmart.modules.translation - INFO - Translator initialized with method: m2m100
2026-01-25 15:01:43 - dubsmart.core.pipeline - INFO - Starting pipeline for test_audio/English.wav
2026-01-25 15:01:43 - dubsmart.modules.transcription - INFO - Transcribing audio: test_audio/English.wav
2026-01-25 15:01:52 - dubsmart.modules.transcription - INFO - Detected language: en
2026-01-25 15:01:52 - dubsmart.modules.diarization - INFO - Diarizing audio: test_audio/English.wav
2026-01-25 15:01:52 - dubsmart.modules.translation - INFO - Translating 14 segments from en to hi
2026-01-25 15:02:56 - dubsmart.modules.translation - INFO - Translated 10/14 segments
2026-01-25 15:06:39 - dubsmart.modules.cloning - INFO - Loading Coqui XTTS-v2 model (Lazy Load)...
2026-01-25 15:06:42 - dubsmart.modules.cloning - ERROR - Failed to load Coqui model: cannot import name 'BeamSearchScorer' from 'transformers' (c:\Users\svrao\Downloads\Dubsmart  - ai\.venv\Lib\site-packages\transformers\__init__.py)
2026-01-25 15:06:49 - dubsmart.modules.cloning - INFO - Using gTTS fallback...
2026-01-25 15:06:50 - dubsmart.modules.cloning - INFO - Loading Coqui XTTS-v2 model (Lazy Load)...
2026-01-25 15:06:51 - dubsmart.modules.cloning - ERROR - Failed to load Coqui model: cannot import name 'BeamSearchScorer' from 'transformers' (c:\Users\svrao\Downloads\Dubsmart  - ai\.venv\Lib\site-packages\transformers\__init__.py)
2026-01-25 15:06:51 - dubsmart.modules.cloning - INFO - Using gTTS fallback...
2026-01-25 15:06:51 - dubsmart.modules.cloning - INFO - Loading Coqui XTTS-v2 model (Lazy Load)...
2026-01-25 15:06:53 - dubsmart.modules.cloning - ERROR - Failed to load Coqui model: cannot import name 'BeamSearchScorer' from 'transformers' (c:\Users\svrao\Downloads\Dubsmart  - ai\.venv\Lib\site-packages\transformers\__init__.py)
2026-01-25 15:06:53 - dubsmart.modules.cloning - INFO - Using gTTS fallback...
2026-01-25 15:06:54 - dubsmart.modules.cloning - INFO - Loading Coqui XTTS-v2 model (Lazy Load)...
2026-01-25 15:06:54 - dubsmart.modules.cloning - ERROR - Failed to load Coqui model: cannot import name 'BeamSearchScorer' from 'transformers' (c:\Users\svrao\Downloads\Dubsmart  - ai\.venv\Lib\site-packages\transformers\__init__.py)
2026-01-25 15:06:54 - dubsmart.modules.cloning - INFO - Using gTTS fallback...
2026-01-25 15:06:55 - dubsmart.modules.cloning - INFO - Loading Coqui XTTS-v2 model (Lazy Load)...
2026-01-25 15:06:55 - dubsmart.modules.cloning - ERROR - Failed to load Coqui model: cannot import name 'BeamSearchScorer' from 'transformers' (c:\Users\svrao\Downloads\Dubsmart  - ai\.venv\Lib\site-packages\transformers\__init__.py)
2026-01-25 15:06:55 - dubsmart.modules.cloning - INFO - Using gTTS fallback...
2026-01-25 15:06:56 - dubsmart.modules.cloning - INFO - Loading Coqui XTTS-v2 model (Lazy Load)...
2026-01-25 15:06:57 - dubsmart.modules.cloning - ERROR - Failed to load Coqui model: cannot import name 'BeamSearchScorer' from 'transformers' (c:\Users\svrao\Downloads\Dubsmart  - ai\.venv\Lib\site-packages\transformers\__init__.py)
2026-01-25 15:06:57 - dubsmart.modules.cloning - INFO - Using gTTS fallback...
2026-01-25 15:06:57 - dubsmart.modules.cloning - INFO - Loading Coqui XTTS-v2 model (Lazy Load)...
2026-01-25 15:06:58 - dubsmart.modules.cloning - ERROR - Failed to load Coqui model: cannot import name 'BeamSearchScorer' from 'transformers' (c:\Users\svrao\Downloads\Dubsmart  - ai\.venv\Lib\site-packages\transformers\__init__.py)
2026-01-25 15:06:58 - dubsmart.modules.cloning - INFO - Using gTTS fallback...
2026-01-25 15:06:58 - dubsmart.modules.cloning - INFO - Loading Coqui XTTS-v2 model (Lazy Load)...
2026-01-25 15:06:59 - dubsmart.modules.cloning - ERROR - Failed to load Coqui model: cannot import name 'BeamSearchScorer' from 'transformers' (c:\Users\svrao\Downloads\Dubsmart  - ai\.venv\Lib\site-packages\transformers\__init__.py)
2026-01-25 15:06:59 - dubsmart.modules.cloning - INFO - Using gTTS fallback...
2026-01-25 15:07:00 - dubsmart.modules.cloning - INFO - Loading Coqui XTTS-v2 model (Lazy Load)...
2026-01-25 15:07:00 - dubsmart.modules.cloning - ERROR - Failed to load Coqui model: cannot import name 'BeamSearchScorer' from 'transformers' (c:\Users\svrao\Downloads\Dubsmart  - ai\.venv\Lib\site-packages\transformers\__init__.py)
2026-01-25 15:07:00 - dubsmart.modules.cloning - INFO - Using gTTS fallback...
2026-01-25 15:07:01 - dubsmart.modules.cloning - INFO - Loading Coqui XTTS-v2 model (Lazy Load)...
2026-01-25 15:07:01 - dubsmart.modules.cloning - ERROR - Failed to load Coqui model: cannot import name 'BeamSearchScorer' from 'transformers' (c:\Users\svrao\Downloads\Dubsmart  - ai\.venv\Lib\site-packages\transformers\__init__.py)
2026-01-25 15:07:01 - dubsmart.modules.cloning - INFO - Using gTTS fallback...
2026-01-25 15:07:02 - dubsmart.modules.cloning - INFO - Loading Coqui XTTS-v2 model (Lazy Load)...
2026-01-25 15:07:03 - dubsmart.modules.cloning - ERROR - Failed to load Coqui model: cannot import name 'BeamSearchScorer' from 'transformers' (c:\Users\svrao\Downloads\Dubsmart  - ai\.venv\Lib\site-packages\transformers\__init__.py)
2026-01-25 15:07:03 - dubsmart.modules.cloning - INFO - Using gTTS fallback...
2026-01-25 15:07:05 - dubsmart.modules.cloning - INFO - Loading Coqui XTTS-v2 model (Lazy Load)...
2026-01-25 15:07:06 - dubsmart.modules.cloning - ERROR - Failed to load Coqui model: cannot import name 'BeamSearchScorer' from 'transformers' (c:\Users\svrao\Downloads\Dubsmart  - ai\.venv\Lib\site-packages\transformers\__init__.py)
2026-01-25 15:07:06 - dubsmart.modules.cloning - INFO - Using gTTS fallback...
2026-01-25 15:07:06 - dubsmart.modules.cloning - INFO - Loading Coqui XTTS-v2 model (Lazy Load)...
2026-01-25 15:07:07 - dubsmart.modules.cloning - ERROR - Failed to load Coqui model: cannot import name 'BeamSearchScorer' from 'transformers' (c:\Users\svrao\Downloads\Dubsmart  - ai\.venv\Lib\site-packages\transformers\__init__.py)
2026-01-25 15:07:07 - dubsmart.modules.cloning - INFO - Using gTTS fallback...
2026-01-25 15:07:08 - dubsmart.modules.cloning - INFO - Loading Coqui XTTS-v2 model (Lazy Load)...
2026-01-25 15:07:08 - dubsmart.modules.cloning - ERROR - Failed to load Coqui model: cannot import name 'BeamSearchScorer' from 'transformers' (c:\Users\svrao\Downloads\Dubsmart  - ai\.venv\Lib\site-packages\transformers\__init__.py)
2026-01-25 15:07:08 - dubsmart.modules.cloning - INFO - Using gTTS fallback...
2026-01-25 15:07:09 - dubsmart.core.pipeline - INFO - Synthesized 14/14 segments
2026-01-25 15:07:43 - dubsmart.processor.mixer - INFO - Mixed audio saved to: output/dubbed_hi.wav
2026-01-25 15:07:43 - dubsmart.main - INFO - Dubbing successful! Result: output/dubbed_hi.wav
2026-01-25 15:11:58 - dubsmart.modules.transcription - INFO - Initializing Whisper model: base on cpu
2026-01-25 15:12:11 - dubsmart.modules.translation - INFO - Translator initialized with method: m2m100
2026-01-25 15:12:11 - dubsmart.core.pipeline - INFO - Starting pipeline for test_audio/English.wav
2026-01-25 15:12:11 - dubsmart.modules.transcription - INFO - Transcribing audio: test_audio/English.wav
2026-01-25 15:12:21 - dubsmart.modules.transcription - INFO - Detected language: en
2026-01-25 15:12:21 - dubsmart.modules.diarization - INFO - Diarizing audio: test_audio/English.wav
2026-01-25 15:12:21 - dubsmart.modules.translation - INFO - Translating 14 segments from en to hi
2026-01-25 15:13:23 - dubsmart.modules.translation - INFO - Translated 10/14 segments
2026-01-25 15:18:30 - dubsmart.modules.cloning - INFO - Loading Coqui XTTS-v2 model (Lazy Load)...
2026-01-25 15:18:39 - dubsmart.modules.cloning - ERROR - Failed to load Coqui model: cannot import name 'BeamSearchScorer' from 'transformers' (c:\Users\svrao\Downloads\Dubsmart  - ai\.venv\Lib\site-packages\transformers\__init__.py)
2026-01-25 15:18:39 - dubsmart.modules.cloning - INFO - Using gTTS fallback...
2026-01-25 15:18:40 - dubsmart.modules.cloning - INFO - Loading Coqui XTTS-v2 model (Lazy Load)...
2026-01-25 15:18:40 - dubsmart.modules.cloning - ERROR - Failed to load Coqui model: cannot import name 'BeamSearchScorer' from 'transformers' (c:\Users\svrao\Downloads\Dubsmart  - ai\.venv\Lib\site-packages\transformers\__init__.py)
2026-01-25 15:18:40 - dubsmart.modules.cloning - INFO - Using gTTS fallback...
2026-01-25 15:18:41 - dubsmart.modules.cloning - INFO - Loading Coqui XTTS-v2 model (Lazy Load)...
2026-01-25 15:18:42 - dubsmart.modules.cloning - ERROR - Failed to load Coqui model: cannot import name 'BeamSearchScorer' from 'transformers' (c:\Users\svrao\Downloads\Dubsmart  - ai\.venv\Lib\site-packages\transformers\__init__.py)
2026-01-25 15:18:42 - dubsmart.modules.cloning - INFO - Using gTTS fallback...
2026-01-25 15:18:43 - dubsmart.modules.cloning - INFO - Loading Coqui XTTS-v2 model (Lazy Load)...
2026-01-25 15:18:43 - dubsmart.modules.cloning - ERROR - Failed to load Coqui model: cannot import name 'BeamSearchScorer' from 'transformers' (c:\Users\svrao\Downloads\Dubsmart  - ai\.venv\Lib\site-packages\transformers\__init__.py)
2026-01-25 15:18:43 - dubsmart.modules.cloning - INFO - Using gTTS fallback...
2026-01-25 15:18:44 - dubsmart.modules.cloning - INFO - Loading Coqui XTTS-v2 model (Lazy Load)...
2026-01-25 15:18:45 - dubsmart.modules.cloning - ERROR - Failed to load Coqui model: cannot import name 'BeamSearchScorer' from 'transformers' (c:\Users\svrao\Downloads\Dubsmart  - ai\.venv\Lib\site-packages\transformers\__init__.py)
2026-01-25 15:18:45 - dubsmart.modules.cloning - INFO - Using gTTS fallback...
2026-01-25 15:18:45 - dubsmart.modules.cloning - INFO - Loading Coqui XTTS-v2 model (Lazy Load)...
2026-01-25 15:18:46 - dubsmart.modules.cloning - ERROR - Failed to load Coqui model: cannot import name 'BeamSearchScorer' from 'transformers' (c:\Users\svrao\Downloads\Dubsmart  - ai\.venv\Lib\site-packages\transformers\__init__.py)
2026-01-25 15:18:46 - dubsmart.modules.cloning - INFO - Using gTTS fallback...
2026-01-25 15:18:46 - dubsmart.modules.cloning - INFO - Loading Coqui XTTS-v2 model (Lazy Load)...
2026-01-25 15:18:47 - dubsmart.modules.cloning - ERROR - Failed to load Coqui model: cannot import name 'BeamSearchScorer' from 'transformers' (c:\Users\svrao\Downloads\Dubsmart  - ai\.venv\Lib\site-packages\transformers\__init__.py)
2026-01-25 15:18:47 - dubsmart.modules.cloning - INFO - Using gTTS fallback...
2026-01-25 15:18:48 - dubsmart.modules.cloning - INFO - Loading Coqui XTTS-v2 model (Lazy Load)...
2026-01-25 15:18:49 - dubsmart.modules.cloning - ERROR - Failed to load Coqui model: cannot import name 'BeamSearchScorer' from 'transformers' (c:\Users\svrao\Downloads\Dubsmart  - ai\.venv\Lib\site-packages\transformers\__init__.py)
2026-01-25 15:18:49 - dubsmart.modules.cloning - INFO - Using gTTS fallback...
2026-01-25 15:18:49 - dubsmart.modules.cloning - INFO - Loading Coqui XTTS-v2 model (Lazy Load)...
2026-01-25 15:18:50 - dubsmart.modules.cloning - ERROR - Failed to load Coqui model: cannot import name 'BeamSearchScorer' from 'transformers' (c:\Users\svrao\Downloads\Dubsmart  - ai\.venv\Lib\site-packages\transformers\__init__.py)
2026-01-25 15:18:50 - dubsmart.modules.cloning - INFO - Using gTTS fallback...
2026-01-25 15:18:50 - dubsmart.modules.cloning - INFO - Loading Coqui XTTS-v2 model (Lazy Load)...
2026-01-25 15:18:51 - dubsmart.modules.cloning - ERROR - Failed to load Coqui model: cannot import name 'BeamSearchScorer' from 'transformers' (c:\Users\svrao\Downloads\Dubsmart  - ai\.venv\Lib\site-packages\transformers\__init__.py)
2026-01-25 15:18:51 - dubsmart.modules.cloning - INFO - Using gTTS fallback...
2026-01-25 15:18:52 - dubsmart.modules.cloning - INFO - Loading Coqui XTTS-v2 model (Lazy Load)...
2026-01-25 15:18:52 - dubsmart.modules.cloning - ERROR - Failed to load Coqui model: cannot import name 'BeamSearchScorer' from 'transformers' (c:\Users\svrao\Downloads\Dubsmart  - ai\.venv\Lib\site-packages\transformers\__init__.py)
2026-01-25 15:18:52 - dubsmart.modules.cloning - INFO - Using gTTS fallback...
2026-01-25 15:18:55 - dubsmart.modules.cloning - INFO - Loading Coqui XTTS-v2 model (Lazy Load)...
2026-01-25 15:18:56 - dubsmart.modules.cloning - ERROR - Failed to load Coqui model: cannot import name 'BeamSearchScorer' from 'transformers' (c:\Users\svrao\Downloads\Dubsmart  - ai\.venv\Lib\site-packages\transformers\__init__.py)
2026-01-25 15:18:56 - dubsmart.modules.cloning - INFO - Using gTTS fallback...
2026-01-25 15:18:56 - dubsmart.modules.cloning - INFO - Loading Coqui XTTS-v2 model (Lazy Load)...
2026-01-25 15:18:57 - dubsmart.modules.cloning - ERROR - Failed to load Coqui model: cannot import name 'BeamSearchScorer' from 'transformers' (c:\Users\svrao\Downloads\Dubsmart  - ai\.venv\Lib\site-packages\transformers\__init__.py)
2026-01-25 15:18:57 - dubsmart.modules.cloning - INFO - Using gTTS fallback...
2026-01-25 15:18:58 - dubsmart.modules.cloning - INFO - Loading Coqui XTTS-v2 model (Lazy Load)...
2026-01-25 15:18:59 - dubsmart.modules.cloning - ERROR - Failed to load Coqui model: cannot import name 'BeamSearchScorer' from 'transformers' (c:\Users\svrao\Downloads\Dubsmart  - ai\.venv\Lib\site-packages\transformers\__init__.py)
2026-01-25 15:18:59 - dubsmart.modules.cloning - INFO - Using gTTS fallback...
2026-01-25 15:18:59 - dubsmart.core.pipeline - INFO - Synthesized 14/14 segments
2026-01-25 15:19:20 - dubsmart.processor.mixer - INFO - Mixed audio saved to: output/dubbed_hi.wav
2026-01-25 15:19:20 - dubsmart.main - INFO - Dubbing successful! Result: output/dubbed_hi.wav
2026-01-25 15:24:08 - dubsmart.modules.transcription - INFO - Initializing Whisper model: base on cpu
2026-01-25 15:24:32 - dubsmart.modules.translation - INFO - Translator initialized with method: m2m100
2026-01-25 15:24:32 - dubsmart.core.pipeline - INFO - Starting pipeline for test_audio/WAZ_hid.wav
2026-01-25 15:24:32 - dubsmart.modules.transcription - INFO - Transcribing audio: test_audio/WAZ_hid.wav
2026-01-25 15:24:56 - dubsmart.modules.transcription - INFO - Detected language: en
2026-01-25 15:24:56 - dubsmart.modules.diarization - INFO - Diarizing audio: test_audio/WAZ_hid.wav
2026-01-25 15:24:56 - dubsmart.modules.translation - INFO - Translating 1 segments from en to en
2026-01-25 15:25:06 - dubsmart.modules.cloning - INFO - Loading Coqui XTTS-v2 model (Lazy Load)...
2026-01-25 15:25:08 - dubsmart.modules.cloning - ERROR - Failed to load Coqui model: cannot import name 'BeamSearchScorer' from 'transformers' (c:\Users\svrao\Downloads\Dubsmart  - ai\.venv\Lib\site-packages\transformers\__init__.py)
2026-01-25 15:25:08 - dubsmart.modules.cloning - INFO - Using gTTS fallback...
2026-01-25 15:25:08 - dubsmart.core.pipeline - INFO - Synthesized 1/1 segments
2026-01-25 15:25:09 - dubsmart.processor.mixer - INFO - Mixed audio saved to: output/dubbed_en.wav
2026-01-25 15:25:09 - dubsmart.main - INFO - Dubbing successful! Result: output/dubbed_en.wav
2026-01-25 15:28:32 - dubsmart.modules.transcription - INFO - Initializing Whisper model: base on cpu
2026-01-25 15:28:42 - dubsmart.modules.translation - INFO - Translator initialized with method: m2m100
2026-01-25 15:28:42 - dubsmart.core.pipeline - INFO - Starting pipeline for test_audio/WAZ_hid.wav
2026-01-25 15:28:42 - dubsmart.modules.transcription - INFO - Transcribing audio: test_audio/WAZ_hid.wav
2026-01-25 15:29:05 - dubsmart.modules.transcription - INFO - Initializing Whisper model: base on cpu
2026-01-25 15:29:13 - dubsmart.modules.translation - INFO - Translator initialized with method: m2m100
2026-01-25 15:29:13 - dubsmart.core.pipeline - INFO - Starting pipeline for test_audio/WAZ_hid.wav
2026-01-25 15:29:13 - dubsmart.modules.transcription - INFO - Transcribing audio: test_audio/WAZ_hid.wav
2026-01-25 15:29:49 - dubsmart.modules.transcription - INFO - Detected language: hi
2026-01-25 15:29:49 - dubsmart.core.pipeline - INFO - Auto-detected source language as: hi
2026-01-25 15:29:49 - dubsmart.modules.diarization - INFO - Diarizing audio: test_audio/WAZ_hid.wav
2026-01-25 15:29:49 - dubsmart.modules.translation - INFO - Translating 8 segments from hi to en
2026-01-25 15:37:34 - dubsmart.modules.transcription - INFO - Initializing Whisper model: small on cpu
2026-01-25 15:38:15 - dubsmart.modules.translation - INFO - Translator initialized with method: m2m100
2026-01-25 15:38:15 - dubsmart.core.pipeline - INFO - Starting pipeline for test_audio/WAZ_hid.wav
2026-01-25 15:38:15 - dubsmart.modules.transcription - INFO - Transcribing audio: test_audio/WAZ_hid.wav
2026-01-25 15:40:44 - dubsmart.modules.transcription - INFO - Detected language: hi
2026-01-25 15:40:44 - dubsmart.core.pipeline - INFO - Auto-detected source language as: hi
2026-01-25 15:40:44 - dubsmart.modules.diarization - INFO - Diarizing audio: test_audio/WAZ_hid.wav
2026-01-25 15:40:44 - dubsmart.modules.translation - INFO - Translating 3 segments from hi to en
2026-01-25 15:43:17 - dubsmart.modules.cloning - INFO - Loading Coqui XTTS-v2 model (Lazy Load)...
2026-01-25 15:43:19 - dubsmart.modules.cloning - ERROR - Failed to load Coqui model: cannot import name 'BeamSearchScorer' from 'transformers' (c:\Users\svrao\Downloads\Dubsmart  - ai\.venv\Lib\site-packages\transformers\__init__.py)
2026-01-25 15:43:19 - dubsmart.modules.cloning - INFO - Using gTTS fallback...
2026-01-25 15:43:23 - dubsmart.modules.cloning - INFO - Loading Coqui XTTS-v2 model (Lazy Load)...
2026-01-25 15:43:24 - dubsmart.modules.cloning - ERROR - Failed to load Coqui model: cannot import name 'BeamSearchScorer' from 'transformers' (c:\Users\svrao\Downloads\Dubsmart  - ai\.venv\Lib\site-packages\transformers\__init__.py)
2026-01-25 15:43:24 - dubsmart.modules.cloning - INFO - Using gTTS fallback...
2026-01-25 15:43:25 - dubsmart.modules.cloning - INFO - Loading Coqui XTTS-v2 model (Lazy Load)...
2026-01-25 15:43:26 - dubsmart.modules.cloning - ERROR - Failed to load Coqui model: cannot import name 'BeamSearchScorer' from 'transformers' (c:\Users\svrao\Downloads\Dubsmart  - ai\.venv\Lib\site-packages\transformers\__init__.py)
2026-01-25 15:43:26 - dubsmart.modules.cloning - INFO - Using gTTS fallback...
2026-01-25 15:43:27 - dubsmart.core.pipeline - INFO - Synthesized 3/3 segments
2026-01-25 15:44:24 - dubsmart.processor.mixer - INFO - Mixed audio saved to: output/dubbed_en.wav
2026-01-25 15:44:24 - dubsmart.main - INFO - Dubbing successful! Result: output/dubbed_en.wav
2026-01-25 15:48:34 - dubsmart.modules.transcription - INFO - Initializing Whisper model: small on cpu
2026-01-25 15:48:48 - dubsmart.modules.translation - INFO - Translator initialized with method: m2m100
2026-01-25 15:48:48 - dubsmart.core.pipeline - INFO - Starting pipeline for test_audio/English.wav
2026-01-25 15:48:48 - dubsmart.modules.transcription - INFO - Transcribing audio: test_audio/English.wav
2026-01-25 15:49:13 - dubsmart.modules.transcription - INFO - Detected language: en
2026-01-25 15:49:13 - dubsmart.core.pipeline - INFO - Auto-detected source language as: en
2026-01-25 15:49:13 - dubsmart.modules.diarization - INFO - Diarizing audio: test_audio/English.wav
2026-01-25 15:49:13 - dubsmart.modules.translation - INFO - Translating 13 segments from en to hi
2026-01-25 15:50:18 - dubsmart.modules.translation - INFO - Translated 10/13 segments
2026-01-25 15:51:25 - dubsmart.modules.cloning - INFO - Loading Coqui XTTS-v2 model (Lazy Load)...
2026-01-25 15:51:29 - dubsmart.modules.cloning - ERROR - Failed to load Coqui model: cannot import name 'BeamSearchScorer' from 'transformers' (c:\Users\svrao\Downloads\Dubsmart  - ai\.venv\Lib\site-packages\transformers\__init__.py)
2026-01-25 15:51:29 - dubsmart.modules.cloning - INFO - Using gTTS fallback...
2026-01-25 15:51:29 - dubsmart.modules.cloning - INFO - Loading Coqui XTTS-v2 model (Lazy Load)...
2026-01-25 15:51:30 - dubsmart.modules.cloning - ERROR - Failed to load Coqui model: cannot import name 'BeamSearchScorer' from 'transformers' (c:\Users\svrao\Downloads\Dubsmart  - ai\.venv\Lib\site-packages\transformers\__init__.py)
2026-01-25 15:51:30 - dubsmart.modules.cloning - INFO - Using gTTS fallback...
2026-01-25 15:51:31 - dubsmart.modules.cloning - INFO - Loading Coqui XTTS-v2 model (Lazy Load)...
2026-01-25 15:51:32 - dubsmart.modules.cloning - ERROR - Failed to load Coqui model: cannot import name 'BeamSearchScorer' from 'transformers' (c:\Users\svrao\Downloads\Dubsmart  - ai\.venv\Lib\site-packages\transformers\__init__.py)
2026-01-25 15:51:32 - dubsmart.modules.cloning - INFO - Using gTTS fallback...
2026-01-25 15:51:32 - dubsmart.modules.cloning - INFO - Loading Coqui XTTS-v2 model (Lazy Load)...
2026-01-25 15:51:33 - dubsmart.modules.cloning - ERROR - Failed to load Coqui model: cannot import name 'BeamSearchScorer' from 'transformers' (c:\Users\svrao\Downloads\Dubsmart  - ai\.venv\Lib\site-packages\transformers\__init__.py)
2026-01-25 15:51:33 - dubsmart.modules.cloning - INFO - Using gTTS fallback...
2026-01-25 15:51:33 - dubsmart.modules.cloning - INFO - Loading Coqui XTTS-v2 model (Lazy Load)...
2026-01-25 15:51:34 - dubsmart.modules.cloning - ERROR - Failed to load Coqui model: cannot import name 'BeamSearchScorer' from 'transformers' (c:\Users\svrao\Downloads\Dubsmart  - ai\.venv\Lib\site-packages\transformers\__init__.py)
2026-01-25 15:51:34 - dubsmart.modules.cloning - INFO - Using gTTS fallback...
2026-01-25 15:51:35 - dubsmart.modules.cloning - INFO - Loading Coqui XTTS-v2 model (Lazy Load)...
2026-01-25 15:51:36 - dubsmart.modules.cloning - ERROR - Failed to load Coqui model: cannot import name 'BeamSearchScorer' from 'transformers' (c:\Users\svrao\Downloads\Dubsmart  - ai\.venv\Lib\site-packages\transformers\__init__.py)
2026-01-25 15:51:36 - dubsmart.modules.cloning - INFO - Using gTTS fallback...
2026-01-25 15:51:36 - dubsmart.modules.cloning - INFO - Loading Coqui XTTS-v2 model (Lazy Load)...
2026-01-25 15:51:37 - dubsmart.modules.cloning - ERROR - Failed to load Coqui model: cannot import name 'BeamSearchScorer' from 'transformers' (c:\Users\svrao\Downloads\Dubsmart  - ai\.venv\Lib\site-packages\transformers\__init__.py)
2026-01-25 15:51:37 - dubsmart.modules.cloning - INFO - Using gTTS fallback...
2026-01-25 15:51:37 - dubsmart.modules.cloning - INFO - Loading Coqui XTTS-v2 model (Lazy Load)...
2026-01-25 15:51:38 - dubsmart.modules.cloning - ERROR - Failed to load Coqui model: cannot import name 'BeamSearchScorer' from 'transformers' (c:\Users\svrao\Downloads\Dubsmart  - ai\.venv\Lib\site-packages\transformers\__init__.py)
2026-01-25 15:51:38 - dubsmart.modules.cloning - INFO - Using gTTS fallback...
2026-01-25 15:51:39 - dubsmart.modules.cloning - INFO - Loading Coqui XTTS-v2 model (Lazy Load)...
2026-01-25 15:51:40 - dubsmart.modules.cloning - ERROR - Failed to load Coqui model: cannot import name 'BeamSearchScorer' from 'transformers' (c:\Users\svrao\Downloads\Dubsmart  - ai\.venv\Lib\site-packages\transformers\__init__.py)
2026-01-25 15:51:40 - dubsmart.modules.cloning - INFO - Using gTTS fallback...
2026-01-25 15:51:40 - dubsmart.modules.cloning - INFO - Loading Coqui XTTS-v2 model (Lazy Load)...
2026-01-25 15:51:41 - dubsmart.modules.cloning - ERROR - Failed to load Coqui model: cannot import name 'BeamSearchScorer' from 'transformers' (c:\Users\svrao\Downloads\Dubsmart  - ai\.venv\Lib\site-packages\transformers\__init__.py)
2026-01-25 15:51:41 - dubsmart.modules.cloning - INFO - Using gTTS fallback...
2026-01-25 15:51:42 - dubsmart.modules.cloning - INFO - Loading Coqui XTTS-v2 model (Lazy Load)...
2026-01-25 15:51:42 - dubsmart.modules.cloning - ERROR - Failed to load Coqui model: cannot import name 'BeamSearchScorer' from 'transformers' (c:\Users\svrao\Downloads\Dubsmart  - ai\.venv\Lib\site-packages\transformers\__init__.py)
2026-01-25 15:51:42 - dubsmart.modules.cloning - INFO - Using gTTS fallback...
2026-01-25 15:51:44 - dubsmart.modules.cloning - INFO - Loading Coqui XTTS-v2 model (Lazy Load)...
2026-01-25 15:51:45 - dubsmart.modules.cloning - ERROR - Failed to load Coqui model: cannot import name 'BeamSearchScorer' from 'transformers' (c:\Users\svrao\Downloads\Dubsmart  - ai\.venv\Lib\site-packages\transformers\__init__.py)
2026-01-25 15:51:45 - dubsmart.modules.cloning - INFO - Using gTTS fallback...
2026-01-25 15:51:45 - dubsmart.modules.cloning - INFO - Loading Coqui XTTS-v2 model (Lazy Load)...
2026-01-25 15:51:46 - dubsmart.modules.cloning - ERROR - Failed to load Coqui model: cannot import name 'BeamSearchScorer' from 'transformers' (c:\Users\svrao\Downloads\Dubsmart  - ai\.venv\Lib\site-packages\transformers\__init__.py)
2026-01-25 15:51:46 - dubsmart.modules.cloning - INFO - Using gTTS fallback...
2026-01-25 15:51:47 - dubsmart.core.pipeline - INFO - Synthesized 13/13 segments
2026-01-25 15:52:09 - dubsmart.processor.mixer - INFO - Mixed audio saved to: output/dubbed_hi.wav
2026-01-25 15:52:09 - dubsmart.main - INFO - Dubbing successful! Result: output/dubbed_hi.wav
2026-01-25 15:56:10 - dubsmart.modules.transcription - INFO - Initializing Whisper model: small on cpu
2026-01-25 15:56:25 - dubsmart.modules.transcription - INFO - Initializing Whisper model: small on cpu
2026-01-25 15:57:35 - dubsmart.modules.translation - INFO - Translator initialized with method: m2m100
2026-01-25 15:57:35 - dubsmart.core.pipeline - INFO - Starting pipeline for test_audio/WAZ_hid.wav
2026-01-25 15:57:35 - dubsmart.modules.transcription - INFO - Transcribing audio: test_audio/WAZ_hid.wav
2026-01-25 19:50:04 - dubsmart.modules.transcription - INFO - Initializing Whisper model: small on cpu
2026-01-25 19:52:34 - dubsmart.modules.translation - INFO - Translator initialized with method: m2m100
2026-01-25 19:52:34 - dubsmart.core.pipeline - INFO - Starting pipeline for test_audio/WAZ_hid.wav
2026-01-25 19:52:34 - dubsmart.modules.transcription - INFO - Transcribing audio: test_audio/WAZ_hid.wav
2026-01-25 19:56:00 - dubsmart.modules.transcription - INFO - Detected language: hi
2026-01-25 19:56:00 - dubsmart.core.pipeline - INFO - Auto-detected source language as: hi
2026-01-25 19:56:00 - dubsmart.modules.diarization - INFO - Diarizing audio: test_audio/WAZ_hid.wav
2026-01-25 19:56:00 - dubsmart.modules.translation - INFO - Translating 2 segments from hi to en
2026-01-25 20:00:53 - dubsmart.modules.cloning - INFO - Loading Coqui XTTS-v2 model (Lazy Load)...
2026-01-25 20:00:59 - dubsmart.modules.cloning - ERROR - Failed to load Coqui model: cannot import name 'BeamSearchScorer' from 'transformers' (C:\Users\svrao\Downloads\Dubsmart  - ai\.venv\Lib\site-packages\transformers\__init__.py)
2026-01-25 20:00:59 - dubsmart.modules.cloning - INFO - Using gTTS fallback...
2026-01-25 20:01:01 - dubsmart.modules.cloning - INFO - Loading Coqui XTTS-v2 model (Lazy Load)...
2026-01-25 20:01:02 - dubsmart.modules.cloning - ERROR - Failed to load Coqui model: cannot import name 'BeamSearchScorer' from 'transformers' (C:\Users\svrao\Downloads\Dubsmart  - ai\.venv\Lib\site-packages\transformers\__init__.py)
2026-01-25 20:01:02 - dubsmart.modules.cloning - INFO - Using gTTS fallback...
2026-01-25 20:01:03 - dubsmart.core.pipeline - INFO - Synthesized 2/2 segments
2026-01-25 20:01:19 - dubsmart.processor.mixer - INFO - Mixed audio saved to: result.wav
2026-01-25 20:01:19 - __main__ - INFO - Dubbing successful! Result: result.wav
2026-01-25 20:15:53 - __main__ - ERROR - Pipeline failed: Numba needs NumPy 2.3 or less. Got NumPy 2.4.
2026-01-25 21:12:57 - dubsmart.modules.transcription - INFO - Initializing Whisper model: small on cpu
2026-01-25 21:13:23 - dubsmart.modules.translation - INFO - Translator initialized with method: m2m100
2026-01-25 21:13:23 - dubsmart.core.pipeline - INFO - Starting pipeline for test_audio/WAZ_hid.wav
2026-01-25 21:13:23 - dubsmart.modules.transcription - INFO - Transcribing audio: test_audio/WAZ_hid.wav
2026-01-25 21:17:40 - dubsmart.modules.transcription - INFO - Detected language: hi
2026-01-25 21:17:40 - dubsmart.core.pipeline - INFO - Auto-detected source language as: hi
2026-01-25 21:17:40 - dubsmart.modules.diarization - INFO - Diarizing audio: test_audio/WAZ_hid.wav
2026-01-25 21:17:40 - dubsmart.modules.translation - INFO - Translating 3 segments from hi to en
2026-01-25 21:47:52 - dubsmart.modules.transcription - INFO - Initializing Whisper model: small on cpu
2026-01-25 21:48:12 - dubsmart.modules.translation - INFO - Translator initialized with method: m2m100
2026-01-25 21:48:12 - dubsmart.core.pipeline - INFO - Starting pipeline for test_audio/WAZ_hid.wav
2026-01-25 21:48:12 - dubsmart.modules.transcription - INFO - Transcribing audio: test_audio/WAZ_hid.wav
2026-01-25 21:54:03 - dubsmart.modules.transcription - INFO - Detected language: hi
2026-01-25 21:54:03 - dubsmart.core.pipeline - INFO - Auto-detected source language as: hi
2026-01-25 21:54:03 - dubsmart.modules.diarization - INFO - Diarizing audio: test_audio/WAZ_hid.wav
2026-01-25 21:54:03 - dubsmart.modules.translation - INFO - Translating 8 segments from hi to en
2026-01-25 22:10:07 - dubsmart.modules.transcription - INFO - Initializing Whisper model: small on cpu
2026-01-25 22:14:30 - dubsmart.modules.translation - INFO - Translator initialized with method: m2m100
2026-01-25 22:14:38 - dubsmart.core.pipeline - INFO - Starting pipeline for test_audio/WAZ_hid.wav
2026-01-25 22:14:38 - dubsmart.modules.transcription - INFO - Transcribing audio: test_audio/WAZ_hid.wav
2026-01-25 22:52:06 - dubsmart.modules.transcription - INFO - Initializing Whisper model: small on cpu
2026-01-25 22:52:26 - dubsmart.modules.translation - INFO - Translator initialized with method: m2m100
2026-01-25 22:52:26 - dubsmart.core.pipeline - INFO - Starting pipeline for temp/d6ae03ef-e91b-404d-8953-17bebeb794bf\English.wav
2026-01-25 22:52:26 - dubsmart.modules.transcription - INFO - Transcribing audio: temp/d6ae03ef-e91b-404d-8953-17bebeb794bf\English.wav
2026-01-25 22:53:01 - dubsmart.modules.transcription - INFO - Detected language: en
2026-01-25 22:53:01 - dubsmart.core.pipeline - INFO - Auto-detected source language as: en
2026-01-25 22:53:01 - dubsmart.modules.diarization - INFO - Diarizing audio: temp/d6ae03ef-e91b-404d-8953-17bebeb794bf\English.wav
2026-01-25 22:53:01 - dubsmart.modules.translation - INFO - Translating 13 segments from en to hi
